<?xml version="1.0" encoding="UTF-8"?>
<!-- Generated by org.testng.reporters.JUnitReportReporter -->
<testsuite hostname="QT-INNO-LT1439" failures="0" tests="13" name="com.test.Test_PracticePage" time="10.377" errors="1" timestamp="2022-03-15T14:59:52 IST" skipped="12">
  <testcase classname="com.test.Test_PracticePage" name="launchBrowser" time="10.377">
    <error message="unknown error: cannot determine loading status
from disconnected: received Inspector.detached event
  (Session info: chrome=99.0.4844.51)
Build info: version: &#039;4.1.1&#039;, revision: &#039;e8fcc2cecf&#039;
System info: host: &#039;QT-INNO-LT1439&#039;, ip: &#039;192.168.0.108&#039;, os.name: &#039;Windows 10&#039;, os.arch: &#039;amd64&#039;, os.version: &#039;10.0&#039;, java.version: &#039;17.0.1&#039;
Driver info: org.openqa.selenium.chrome.ChromeDriver
Command: [e308e4e01392141df32623332e97dd3a, get {url=https://courses.letskodeit.com/practice}]
Capabilities {acceptInsecureCerts: false, browserName: chrome, browserVersion: 99.0.4844.51, chrome: {chromedriverVersion: 99.0.4844.51 (d537ec02474b5..., userDataDir: C:\Users\gourav.vig\AppData...}, goog:chromeOptions: {debuggerAddress: localhost:54298}, javascriptEnabled: true, networkConnectionEnabled: false, pageLoadStrategy: normal, platform: WINDOWS, platformName: WINDOWS, proxy: Proxy(), se:cdp: ws://localhost:54298/devtoo..., se:cdpVersion: 99.0.4844.51, setWindowRect: true, strictFileInteractability: false, timeouts: {implicit: 0, pageLoad: 300000, script: 30000}, unhandledPromptBehavior: dismiss and notify, webauthn:extension:credBlob: true, webauthn:extension:largeBlob: true, webauthn:virtualAuthenticators: true}
Session ID: e308e4e01392141df32623332e97dd3a" type="org.openqa.selenium.WebDriverException">
      <![CDATA[org.openqa.selenium.WebDriverException: unknown error: cannot determine loading status
from disconnected: received Inspector.detached event
  (Session info: chrome=99.0.4844.51)
Build info: version: '4.1.1', revision: 'e8fcc2cecf'
System info: host: 'QT-INNO-LT1439', ip: '192.168.0.108', os.name: 'Windows 10', os.arch: 'amd64', os.version: '10.0', java.version: '17.0.1'
Driver info: org.openqa.selenium.chrome.ChromeDriver
Command: [e308e4e01392141df32623332e97dd3a, get {url=https://courses.letskodeit.com/practice}]
Capabilities {acceptInsecureCerts: false, browserName: chrome, browserVersion: 99.0.4844.51, chrome: {chromedriverVersion: 99.0.4844.51 (d537ec02474b5..., userDataDir: C:\Users\gourav.vig\AppData...}, goog:chromeOptions: {debuggerAddress: localhost:54298}, javascriptEnabled: true, networkConnectionEnabled: false, pageLoadStrategy: normal, platform: WINDOWS, platformName: WINDOWS, proxy: Proxy(), se:cdp: ws://localhost:54298/devtoo..., se:cdpVersion: 99.0.4844.51, setWindowRect: true, strictFileInteractability: false, timeouts: {implicit: 0, pageLoad: 300000, script: 30000}, unhandledPromptBehavior: dismiss and notify, webauthn:extension:credBlob: true, webauthn:extension:largeBlob: true, webauthn:virtualAuthenticators: true}
Session ID: e308e4e01392141df32623332e97dd3a
at java.base/jdk.internal.reflect.NativeConstructorAccessorImpl.newInstance0(Native Method)
at java.base/jdk.internal.reflect.NativeConstructorAccessorImpl.newInstance(NativeConstructorAccessorImpl.java:77)
at java.base/jdk.internal.reflect.DelegatingConstructorAccessorImpl.newInstance(DelegatingConstructorAccessorImpl.java:45)
at java.base/java.lang.reflect.Constructor.newInstanceWithCaller(Constructor.java:499)
at java.base/java.lang.reflect.Constructor.newInstance(Constructor.java:480)
at org.openqa.selenium.remote.codec.w3c.W3CHttpResponseCodec.createException(W3CHttpResponseCodec.java:200)
at org.openqa.selenium.remote.codec.w3c.W3CHttpResponseCodec.decode(W3CHttpResponseCodec.java:133)
at org.openqa.selenium.remote.codec.w3c.W3CHttpResponseCodec.decode(W3CHttpResponseCodec.java:53)
at org.openqa.selenium.remote.HttpCommandExecutor.execute(HttpCommandExecutor.java:184)
at org.openqa.selenium.remote.service.DriverCommandExecutor.invokeExecute(DriverCommandExecutor.java:167)
at org.openqa.selenium.remote.service.DriverCommandExecutor.execute(DriverCommandExecutor.java:142)
at org.openqa.selenium.remote.RemoteWebDriver.execute(RemoteWebDriver.java:543)
at org.openqa.selenium.remote.RemoteWebDriver.get(RemoteWebDriver.java:312)
at com.test.TestBase.initialization(TestBase.java:50)
at com.test.Test_PracticePage.launchBrowser(Test_PracticePage.java:17)
at java.base/jdk.internal.reflect.NativeMethodAccessorImpl.invoke0(Native Method)
at java.base/jdk.internal.reflect.NativeMethodAccessorImpl.invoke(NativeMethodAccessorImpl.java:77)
at java.base/jdk.internal.reflect.DelegatingMethodAccessorImpl.invoke(DelegatingMethodAccessorImpl.java:43)
at java.base/java.lang.reflect.Method.invoke(Method.java:568)
at org.testng.internal.MethodInvocationHelper.invokeMethod(MethodInvocationHelper.java:133)
at org.testng.internal.MethodInvocationHelper.invokeMethodConsideringTimeout(MethodInvocationHelper.java:62)
at org.testng.internal.ConfigInvoker.invokeConfigurationMethod(ConfigInvoker.java:385)
at org.testng.internal.ConfigInvoker.invokeConfigurations(ConfigInvoker.java:321)
at org.testng.TestRunner.invokeTestConfigurations(TestRunner.java:637)
at org.testng.TestRunner.beforeRun(TestRunner.java:627)
at org.testng.TestRunner.run(TestRunner.java:589)
at org.testng.SuiteRunner.runTest(SuiteRunner.java:377)
at org.testng.SuiteRunner.runSequentially(SuiteRunner.java:371)
at org.testng.SuiteRunner.privateRun(SuiteRunner.java:332)
at org.testng.SuiteRunner.run(SuiteRunner.java:276)
at org.testng.SuiteRunnerWorker.runSuite(SuiteRunnerWorker.java:53)
at org.testng.SuiteRunnerWorker.run(SuiteRunnerWorker.java:96)
at org.testng.TestNG.runSuitesSequentially(TestNG.java:1212)
at org.testng.TestNG.runSuitesLocally(TestNG.java:1134)
at org.testng.TestNG.runSuites(TestNG.java:1063)
at org.testng.TestNG.run(TestNG.java:1031)
at org.testng.remote.AbstractRemoteTestNG.run(AbstractRemoteTestNG.java:115)
at org.testng.remote.RemoteTestNG.initAndRun(RemoteTestNG.java:251)
at org.testng.remote.RemoteTestNG.main(RemoteTestNG.java:77)
]]>
    </error>
  </testcase> <!-- launchBrowser -->
  <system-out/>
  <testcase classname="com.test.Test_PracticePage" name="test_selectRadioButton" time="0.000">
    <skipped/>
  </testcase> <!-- test_selectRadioButton -->
  <system-out/>
  <testcase classname="com.test.Test_PracticePage" name="test_selectClassExample" time="0.000">
    <skipped/>
  </testcase> <!-- test_selectClassExample -->
  <system-out/>
  <testcase classname="com.test.Test_PracticePage" name="test_multipleSelect" time="0.000">
    <skipped/>
  </testcase> <!-- test_multipleSelect -->
  <system-out/>
  <testcase classname="com.test.Test_PracticePage" name="test_checkBoxExample" time="0.000">
    <skipped/>
  </testcase> <!-- test_checkBoxExample -->
  <system-out/>
  <testcase classname="com.test.Test_PracticePage" name="test_swithWindowExample" time="0.000">
    <skipped/>
  </testcase> <!-- test_swithWindowExample -->
  <system-out/>
  <testcase classname="com.test.Test_PracticePage" name="test_swithTabExample" time="0.000">
    <skipped/>
  </testcase> <!-- test_swithTabExample -->
  <system-out/>
  <testcase classname="com.test.Test_PracticePage" name="test_SwitchToAlertExample" time="0.000">
    <skipped/>
  </testcase> <!-- test_SwitchToAlertExample -->
  <system-out/>
  <testcase classname="com.test.Test_PracticePage" name="test_WebTableExample" time="0.000">
    <skipped/>
  </testcase> <!-- test_WebTableExample -->
  <system-out/>
  <testcase classname="com.test.Test_PracticePage" name="test_EnableDisableExample" time="0.000">
    <skipped/>
  </testcase> <!-- test_EnableDisableExample -->
  <system-out/>
  <testcase classname="com.test.Test_PracticePage" name="test_ElementDisplayedExample" time="0.000">
    <skipped/>
  </testcase> <!-- test_ElementDisplayedExample -->
  <system-out/>
  <testcase classname="com.test.Test_PracticePage" name="test_MouseHoverExample" time="0.000">
    <skipped/>
  </testcase> <!-- test_MouseHoverExample -->
  <system-out/>
  <testcase classname="com.test.Test_PracticePage" name="test_IFrame" time="0.000">
    <skipped/>
  </testcase> <!-- test_IFrame -->
  <system-out/>
</testsuite> <!-- com.test.Test_PracticePage -->
